2017/04/20 23:37:15 [main.go:15] this is a message of http
2017/04/20 23:37:15 [main.go:17] [ORM] this is a message of orm
2017/04/20 23:37:15 [D] [proc.go:185] my book is bought in the year of  2016
2017/04/20 23:37:15 [I] [proc.go:185] this yellow cat is 3 years old
2017/04/20 23:37:15 [W] [proc.go:185] json is a type of kv like map[key:2016]
2017/04/20 23:37:15 [E] [proc.go:185] 1024 is a very good game
2017/04/20 23:37:15 [C] [proc.go:185] oh,crash
2017/04/20 23:37:15 [I] [asm_amd64.s:2197] http server Running on http://:6100
2017/04/20 23:37:24 [main.go:15] this is a message of http
2017/04/20 23:37:24 [main.go:17] [ORM] this is a message of orm
2017/04/20 23:37:24 [D] [proc.go:185] my book is bought in the year of  2016
2017/04/20 23:37:24 [I] [proc.go:185] this yellow cat is 3 years old
2017/04/20 23:37:24 [W] [proc.go:185] json is a type of kv like map[key:2016]
2017/04/20 23:37:24 [E] [proc.go:185] 1024 is a very good game
2017/04/20 23:37:24 [C] [proc.go:185] oh,crash
2017/04/20 23:37:25 [I] [asm_amd64.s:2197] http server Running on http://:6100
2017/04/20 23:47:56 [main.go:15] this is a message of http
2017/04/20 23:47:56 [main.go:17] [ORM] this is a message of orm
2017/04/20 23:47:56 [D] [proc.go:185] my book is bought in the year of  2016
2017/04/20 23:47:56 [I] [proc.go:185] this yellow cat is 3 years old
2017/04/20 23:47:56 [W] [proc.go:185] json is a type of kv like map[key:2016]
2017/04/20 23:47:56 [E] [proc.go:185] 1024 is a very good game
2017/04/20 23:47:56 [C] [proc.go:185] oh,crash
2017/04/20 23:47:56 [I] [asm_amd64.s:2197] http server Running on http://:6100
2017/04/20 23:48:07 [I] [router.go:792] this zh-CN,zh;q=0.8 cat is 3 years old
2017/04/20 23:48:28 [main.go:15] this is a message of http
2017/04/20 23:48:28 [main.go:17] [ORM] this is a message of orm
2017/04/20 23:48:28 [D] [proc.go:185] my book is bought in the year of  2016
2017/04/20 23:48:28 [I] [proc.go:185] this yellow cat is 3 years old
2017/04/20 23:48:28 [W] [proc.go:185] json is a type of kv like map[key:2016]
2017/04/20 23:48:28 [E] [proc.go:185] 1024 is a very good game
2017/04/20 23:48:28 [C] [proc.go:185] oh,crash
2017/04/20 23:48:28 [I] [asm_amd64.s:2197] http server Running on http://:6100
2017/04/20 23:48:36 [I] [router.go:792] ----------------- zh-CN,zh;q=0.8 cat is 3 years old
